<?xml version="1.0" encoding="UTF-8"?>
<!DOCTYPE beans PUBLIC "-//SPRING//DTD BEAN//EN"
   "http://www.springframework.org/dtd/spring-beans.dtd">

<beans>

 <!-- Data source -->
 <bean id="dataSource"
  class="org.springframework.jdbc.datasource.DriverManagerDataSource">
  <property name="driverClassName" value="org.hsqldb.jdbcDriver" />
  <property name="url" value="jdbc:hsqldb:mem:devDB;hsqldb.sqllog=0;hsqldb.applog=0" />
<!--   <property name="url" value="jdbc:hsqldb:file:testdb;shutdown=true;hsqldb.sqllog=3;hsqldb.applog=3" /> -->
  <property name="username" value="SA" />
  <property name="password" value="" />
 </bean>

 <bean id="sessionFactory"
  class="org.springframework.orm.hibernate3.annotation.AnnotationSessionFactoryBean"
  destroy-method="destroy">
  <property name="dataSource" ref="dataSource" />
  <property name="packagesToScan" value="com.blizzardtec.tsa.model"/>
  <property name="hibernateProperties">
   <props>
    <prop key="hibernate.dialect">org.hibernate.dialect.HSQLDialect</prop>
    <prop key="hibernate.hbm2ddl.auto">create-drop</prop>
    <prop key="hibernate.show_sql">false</prop>
   </props>
  </property>
 </bean>

 <bean id="datasetDao" class="com.blizzardtec.tsa.dao.DatasetDaoImpl">
  <constructor-arg>
   <value>com.blizzardtec.tsa.model.Dataset</value>
  </constructor-arg>
 </bean>

 <bean id="strategyXmlDao" class="com.blizzardtec.tsa.dao.StrategyXmlDaoImpl">
  <constructor-arg>
   <value>com.blizzardtec.tsa.model.StrategyXml</value>
  </constructor-arg>
 </bean>

 <bean id="ruleXmlDao" class="com.blizzardtec.tsa.dao.RuleXmlDaoImpl">
  <constructor-arg>
   <value>com.blizzardtec.tsa.model.RuleXml</value>
  </constructor-arg>
 </bean>

 <bean id="resultsetDao" class="com.blizzardtec.tsa.dao.ResultsetDaoImpl">
  <constructor-arg>
   <value>com.blizzardtec.tsa.model.Resultset</value>
  </constructor-arg>
 </bean>

 <bean id="streamAdapter" class="com.blizzardtec.tsa.StreamAdapterImpl" />

 <bean id="datasetHelper" class="com.blizzardtec.tsa.data.DatasetHelperImpl" />

 <bean id="strategyHelper" class="com.blizzardtec.tsa.strategy.StrategyHelperImpl" />

 <bean id="resultsetHelper" class="com.blizzardtec.tsa.analysis.ResultsetHelperImpl" />

 <bean id="indicatorHelper" class="com.blizzardtec.tsa.indicator.IndicatorHelperImpl" />

 <bean id="visualisationHelper" class="com.blizzardtec.tsa.visualisation.VisualisationHelperImpl" />

 <bean id="ruleHelper" class="com.blizzardtec.tsa.rules.RuleHelperImpl" />

 <bean id="tradingAnalyser" class="com.blizzardtec.tsa.analysis.TradingAnalyserImpl" />

 <bean id="businessDelegate" class="com.blizzardtec.tsa.BusinessDelegateImpl" />

 <bean id="dataAdapter" class="com.blizzardtec.tsa.data.StandardDataAdapter" />

 <bean id="preload" class="com.blizzardtec.tsa.preload.Preloader" />

</beans>
